android/app/build/intermediates/manifest_merge_blame_file/debug/processDebugMainManifest/manifest-merger-blame-debug-report.txt
1<?xml version="1.0" encoding="utf-8"?>
2<manifest xmlns:android="http://schemas.android.com/apk/res/android"
3    package="com.example.projectfrontend"
4    android:versionCode="1"
5    android:versionName="1.0.0" >
6
7    <uses-sdk
8        android:minSdkVersion="23"
9        android:targetSdkVersion="35" />
10    <!--
11         The INTERNET permission is required for development. Specifically,
12         the Flutter tool needs it to communicate with the running application
13         to allow setting breakpoints, to provide hot reload, etc.
14    -->
15    <uses-permission android:name="android.permission.INTERNET" />
15-->src\main\AndroidManifest.xml:8:5-67
15-->src\main\AndroidManifest.xml:8:22-64
16    <!-- Permissions -->
17    <uses-permission android:name="android.permission.READ_EXTERNAL_STORAGE" />
17-->src\main\AndroidManifest.xml:5:5-80
17-->src\main\AndroidManifest.xml:5:22-77
18    <uses-permission android:name="android.permission.WRITE_EXTERNAL_STORAGE" />
18-->src\main\AndroidManifest.xml:6:5-81
18-->src\main\AndroidManifest.xml:6:22-78
19    <uses-permission android:name="android.permission.CAMERA" /> <!-- Features -->
19-->src\main\AndroidManifest.xml:7:5-65
19-->src\main\AndroidManifest.xml:7:22-62
20    <uses-feature
20-->src\main\AndroidManifest.xml:11:5-85
21        android:name="android.hardware.camera"
21-->src\main\AndroidManifest.xml:11:19-57
22        android:required="false" /> <!-- Required for querying activities that can process text -->
22-->src\main\AndroidManifest.xml:11:58-82
23    <queries>
23-->src\main\AndroidManifest.xml:47:5-52:15
24        <intent>
24-->src\main\AndroidManifest.xml:48:9-51:18
25            <action android:name="android.intent.action.PROCESS_TEXT" />
25-->src\main\AndroidManifest.xml:49:13-73
25-->src\main\AndroidManifest.xml:49:21-70
26
27            <data android:mimeType="text/plain" />
27-->src\main\AndroidManifest.xml:50:13-51
27-->src\main\AndroidManifest.xml:50:19-48
28        </intent>
29    </queries>
30
31    <uses-permission android:name="android.permission.ACCESS_NETWORK_STATE" />
31-->[:firebase_analytics] AndroidManifest.xml:7:5-79
31-->[:firebase_analytics] AndroidManifest.xml:7:22-76
32    <uses-permission android:name="android.permission.WAKE_LOCK" />
32-->[:firebase_analytics] AndroidManifest.xml:9:5-68
32-->[:firebase_analytics] AndroidManifest.xml:9:22-65
33    <uses-permission android:name="android.permission.VIBRATE" />
33-->[:flutter_local_notifications] AndroidManifest.xml:7:5-66
33-->[:flutter_local_notifications] AndroidManifest.xml:7:22-63
34    <uses-permission android:name="android.permission.POST_NOTIFICATIONS" /> <!-- Required by older versions of Google Play services to create IID tokens -->
34-->[:flutter_local_notifications] AndroidManifest.xml:8:5-77
34-->[:flutter_local_notifications] AndroidManifest.xml:8:22-74
35    <uses-permission android:name="com.google.android.c2dm.permission.RECEIVE" />
35-->[com.google.firebase:firebase-messaging:25.0.0] AndroidManifest.xml:26:5-82
35-->[com.google.firebase:firebase-messaging:25.0.0] AndroidManifest.xml:26:22-79
36    <uses-permission android:name="com.google.android.gms.permission.AD_ID" />
36-->[com.google.android.gms:play-services-measurement-api:23.0.0] AndroidManifest.xml:25:5-79
36-->[com.google.android.gms:play-services-measurement-api:23.0.0] AndroidManifest.xml:25:22-76
37    <uses-permission android:name="android.permission.ACCESS_ADSERVICES_ATTRIBUTION" />
37-->[com.google.android.gms:play-services-measurement-api:23.0.0] AndroidManifest.xml:26:5-88
37-->[com.google.android.gms:play-services-measurement-api:23.0.0] AndroidManifest.xml:26:22-85
38    <uses-permission android:name="android.permission.ACCESS_ADSERVICES_AD_ID" />
38-->[com.google.android.gms:play-services-measurement-api:23.0.0] AndroidManifest.xml:27:5-82
38-->[com.google.android.gms:play-services-measurement-api:23.0.0] AndroidManifest.xml:27:22-79
39    <uses-permission android:name="com.google.android.finsky.permission.BIND_GET_INSTALL_REFERRER_SERVICE" />
39-->[com.google.android.gms:play-services-measurement:23.0.0] AndroidManifest.xml:26:5-110
39-->[com.google.android.gms:play-services-measurement:23.0.0] AndroidManifest.xml:26:22-107
40    <uses-permission android:name="com.google.android.providers.gsf.permission.READ_GSERVICES" />
40-->[com.google.android.recaptcha:recaptcha:18.6.1] AndroidManifest.xml:9:5-98
40-->[com.google.android.recaptcha:recaptcha:18.6.1] AndroidManifest.xml:9:22-95
41
42    <permission
42-->[androidx.core:core:1.13.1] AndroidManifest.xml:22:5-24:47
43        android:name="com.example.projectfrontend.DYNAMIC_RECEIVER_NOT_EXPORTED_PERMISSION"
43-->[androidx.core:core:1.13.1] AndroidManifest.xml:23:9-81
44        android:protectionLevel="signature" />
44-->[androidx.core:core:1.13.1] AndroidManifest.xml:24:9-44
45
46    <uses-permission android:name="com.example.projectfrontend.DYNAMIC_RECEIVER_NOT_EXPORTED_PERMISSION" />
46-->[androidx.core:core:1.13.1] AndroidManifest.xml:26:5-97
46-->[androidx.core:core:1.13.1] AndroidManifest.xml:26:22-94
47
48    <application
49        android:name="android.app.Application"
50        android:appComponentFactory="androidx.core.app.CoreComponentFactory"
50-->[androidx.core:core:1.13.1] AndroidManifest.xml:28:18-86
51        android:debuggable="true"
52        android:extractNativeLibs="false"
53        android:icon="@mipmap/ic_launcher"
54        android:label="projectfrontend" >
55        <activity
56            android:name="com.example.projectfrontend.MainActivity"
57            android:configChanges="orientation|keyboardHidden|keyboard|screenSize|smallestScreenSize|locale|layoutDirection|fontScale|screenLayout|density|uiMode"
58            android:exported="true"
59            android:hardwareAccelerated="true"
60            android:launchMode="singleTop"
61            android:taskAffinity=""
62            android:theme="@style/LaunchTheme"
63            android:windowSoftInputMode="adjustResize" >
64
65            <!-- Meta data for Flutter -->
66            <meta-data
67                android:name="io.flutter.embedding.android.NormalTheme"
68                android:resource="@style/NormalTheme" />
69            <meta-data
70                android:name="flutterEmbedding"
71                android:value="2" />
72
73            <intent-filter>
74                <action android:name="android.intent.action.MAIN" />
75
76                <category android:name="android.intent.category.LAUNCHER" />
77            </intent-filter>
78        </activity>
79
80        <!-- Other activities or services can be added here -->
81
82        <service
82-->[:firebase_analytics] AndroidManifest.xml:12:9-16:19
83            android:name="com.google.firebase.components.ComponentDiscoveryService"
83-->[:firebase_analytics] AndroidManifest.xml:12:18-89
84            android:directBootAware="true"
84-->[com.google.firebase:firebase-common:22.0.0] AndroidManifest.xml:32:13-43
85            android:exported="false" >
85-->[com.google.firebase:firebase-auth:24.0.0] AndroidManifest.xml:68:13-37
86            <meta-data
86-->[:firebase_analytics] AndroidManifest.xml:13:13-15:85
87                android:name="com.google.firebase.components:io.flutter.plugins.firebase.analytics.FlutterFirebaseAppRegistrar"
87-->[:firebase_analytics] AndroidManifest.xml:14:17-128
88                android:value="com.google.firebase.components.ComponentRegistrar" />
88-->[:firebase_analytics] AndroidManifest.xml:15:17-82
89            <meta-data
89-->[:cloud_firestore] AndroidManifest.xml:9:13-11:85
90                android:name="com.google.firebase.components:io.flutter.plugins.firebase.firestore.FlutterFirebaseFirestoreRegistrar"
90-->[:cloud_firestore] AndroidManifest.xml:10:17-134
91                android:value="com.google.firebase.components.ComponentRegistrar" />
91-->[:cloud_firestore] AndroidManifest.xml:11:17-82
92            <meta-data
92-->[:firebase_app_check] AndroidManifest.xml:9:13-11:85
93                android:name="com.google.firebase.components:io.flutter.plugins.firebase.appcheck.FlutterFirebaseAppRegistrar"
93-->[:firebase_app_check] AndroidManifest.xml:10:17-127
94                android:value="com.google.firebase.components.ComponentRegistrar" />
94-->[:firebase_app_check] AndroidManifest.xml:11:17-82
95            <meta-data
95-->[:firebase_auth] AndroidManifest.xml:9:13-11:85
96                android:name="com.google.firebase.components:io.flutter.plugins.firebase.auth.FlutterFirebaseAuthRegistrar"
96-->[:firebase_auth] AndroidManifest.xml:10:17-124
97                android:value="com.google.firebase.components.ComponentRegistrar" />
97-->[:firebase_auth] AndroidManifest.xml:11:17-82
98            <meta-data
98-->[:firebase_crashlytics] AndroidManifest.xml:9:13-11:85
99                android:name="com.google.firebase.components:io.flutter.plugins.firebase.crashlytics.FlutterFirebaseAppRegistrar"
99-->[:firebase_crashlytics] AndroidManifest.xml:10:17-130
100                android:value="com.google.firebase.components.ComponentRegistrar" />
100-->[:firebase_crashlytics] AndroidManifest.xml:11:17-82
101            <meta-data
101-->[:firebase_database] AndroidManifest.xml:9:13-11:85
102                android:name="com.google.firebase.components:io.flutter.plugins.firebase.database.FlutterFirebaseAppRegistrar"
102-->[:firebase_database] AndroidManifest.xml:10:17-127
103                android:value="com.google.firebase.components.ComponentRegistrar" />
103-->[:firebase_database] AndroidManifest.xml:11:17-82
104            <meta-data
104-->[:firebase_messaging] AndroidManifest.xml:36:13-38:85
105                android:name="com.google.firebase.components:io.flutter.plugins.firebase.messaging.FlutterFirebaseAppRegistrar"
105-->[:firebase_messaging] AndroidManifest.xml:37:17-128
106                android:value="com.google.firebase.components.ComponentRegistrar" />
106-->[:firebase_messaging] AndroidManifest.xml:38:17-82
107            <meta-data
107-->[:firebase_storage] AndroidManifest.xml:9:13-11:85
108                android:name="com.google.firebase.components:io.flutter.plugins.firebase.storage.FlutterFirebaseAppRegistrar"
108-->[:firebase_storage] AndroidManifest.xml:10:17-126
109                android:value="com.google.firebase.components.ComponentRegistrar" />
109-->[:firebase_storage] AndroidManifest.xml:11:17-82
110            <meta-data
110-->[:firebase_core] AndroidManifest.xml:9:13-11:85
111                android:name="com.google.firebase.components:io.flutter.plugins.firebase.core.FlutterFirebaseCoreRegistrar"
111-->[:firebase_core] AndroidManifest.xml:10:17-124
112                android:value="com.google.firebase.components.ComponentRegistrar" />
112-->[:firebase_core] AndroidManifest.xml:11:17-82
113            <meta-data
113-->[com.google.firebase:firebase-auth:24.0.0] AndroidManifest.xml:69:13-71:85
114                android:name="com.google.firebase.components:com.google.firebase.auth.FirebaseAuthRegistrar"
114-->[com.google.firebase:firebase-auth:24.0.0] AndroidManifest.xml:70:17-109
115                android:value="com.google.firebase.components.ComponentRegistrar" />
115-->[com.google.firebase:firebase-auth:24.0.0] AndroidManifest.xml:71:17-82
116            <meta-data
116-->[com.google.firebase:firebase-appcheck-debug:19.0.0] AndroidManifest.xml:25:13-27:85
117                android:name="com.google.firebase.components:com.google.firebase.appcheck.debug.FirebaseAppCheckDebugRegistrar"
117-->[com.google.firebase:firebase-appcheck-debug:19.0.0] AndroidManifest.xml:26:17-128
118                android:value="com.google.firebase.components.ComponentRegistrar" />
118-->[com.google.firebase:firebase-appcheck-debug:19.0.0] AndroidManifest.xml:27:17-82
119            <meta-data
119-->[com.google.firebase:firebase-appcheck-playintegrity:19.0.0] AndroidManifest.xml:25:13-27:85
120                android:name="com.google.firebase.components:com.google.firebase.appcheck.playintegrity.FirebaseAppCheckPlayIntegrityRegistrar"
120-->[com.google.firebase:firebase-appcheck-playintegrity:19.0.0] AndroidManifest.xml:26:17-144
121                android:value="com.google.firebase.components.ComponentRegistrar" />
121-->[com.google.firebase:firebase-appcheck-playintegrity:19.0.0] AndroidManifest.xml:27:17-82
122            <meta-data
122-->[com.google.firebase:firebase-crashlytics:20.0.0] AndroidManifest.xml:15:13-17:85
123                android:name="com.google.firebase.components:com.google.firebase.crashlytics.FirebaseCrashlyticsKtxRegistrar"
123-->[com.google.firebase:firebase-crashlytics:20.0.0] AndroidManifest.xml:16:17-126
124                android:value="com.google.firebase.components.ComponentRegistrar" />
124-->[com.google.firebase:firebase-crashlytics:20.0.0] AndroidManifest.xml:17:17-82
125            <meta-data
125-->[com.google.firebase:firebase-crashlytics:20.0.0] AndroidManifest.xml:18:13-20:85
126                android:name="com.google.firebase.components:com.google.firebase.crashlytics.CrashlyticsRegistrar"
126-->[com.google.firebase:firebase-crashlytics:20.0.0] AndroidManifest.xml:19:17-115
127                android:value="com.google.firebase.components.ComponentRegistrar" />
127-->[com.google.firebase:firebase-crashlytics:20.0.0] AndroidManifest.xml:20:17-82
128            <meta-data
128-->[com.google.firebase:firebase-database:22.0.0] AndroidManifest.xml:29:13-31:85
129                android:name="com.google.firebase.components:com.google.firebase.database.FirebaseDatabaseKtxRegistrar"
129-->[com.google.firebase:firebase-database:22.0.0] AndroidManifest.xml:30:17-120
130                android:value="com.google.firebase.components.ComponentRegistrar" />
130-->[com.google.firebase:firebase-database:22.0.0] AndroidManifest.xml:31:17-82
131            <meta-data
131-->[com.google.firebase:firebase-database:22.0.0] AndroidManifest.xml:32:13-34:85
132                android:name="com.google.firebase.components:com.google.firebase.database.DatabaseRegistrar"
132-->[com.google.firebase:firebase-database:22.0.0] AndroidManifest.xml:33:17-109
133                android:value="com.google.firebase.components.ComponentRegistrar" />
133-->[com.google.firebase:firebase-database:22.0.0] AndroidManifest.xml:34:17-82
134            <meta-data
134-->[com.google.firebase:firebase-firestore:26.0.0] AndroidManifest.xml:17:13-19:85
135                android:name="com.google.firebase.components:com.google.firebase.firestore.FirebaseFirestoreKtxRegistrar"
135-->[com.google.firebase:firebase-firestore:26.0.0] AndroidManifest.xml:18:17-122
136                android:value="com.google.firebase.components.ComponentRegistrar" />
136-->[com.google.firebase:firebase-firestore:26.0.0] AndroidManifest.xml:19:17-82
137            <meta-data
137-->[com.google.firebase:firebase-firestore:26.0.0] AndroidManifest.xml:20:13-22:85
138                android:name="com.google.firebase.components:com.google.firebase.firestore.FirestoreRegistrar"
138-->[com.google.firebase:firebase-firestore:26.0.0] AndroidManifest.xml:21:17-111
139                android:value="com.google.firebase.components.ComponentRegistrar" />
139-->[com.google.firebase:firebase-firestore:26.0.0] AndroidManifest.xml:22:17-82
140            <meta-data
140-->[com.google.firebase:firebase-messaging:25.0.0] AndroidManifest.xml:57:13-59:85
141                android:name="com.google.firebase.components:com.google.firebase.messaging.FirebaseMessagingKtxRegistrar"
141-->[com.google.firebase:firebase-messaging:25.0.0] AndroidManifest.xml:58:17-122
142                android:value="com.google.firebase.components.ComponentRegistrar" />
142-->[com.google.firebase:firebase-messaging:25.0.0] AndroidManifest.xml:59:17-82
143            <meta-data
143-->[com.google.firebase:firebase-messaging:25.0.0] AndroidManifest.xml:60:13-62:85
144                android:name="com.google.firebase.components:com.google.firebase.messaging.FirebaseMessagingRegistrar"
144-->[com.google.firebase:firebase-messaging:25.0.0] AndroidManifest.xml:61:17-119
145                android:value="com.google.firebase.components.ComponentRegistrar" />
145-->[com.google.firebase:firebase-messaging:25.0.0] AndroidManifest.xml:62:17-82
146            <meta-data
146-->[com.google.firebase:firebase-storage:22.0.0] AndroidManifest.xml:30:13-32:85
147                android:name="com.google.firebase.components:com.google.firebase.storage.FirebaseStorageKtxRegistrar"
147-->[com.google.firebase:firebase-storage:22.0.0] AndroidManifest.xml:31:17-118
148                android:value="com.google.firebase.components.ComponentRegistrar" />
148-->[com.google.firebase:firebase-storage:22.0.0] AndroidManifest.xml:32:17-82
149            <meta-data
149-->[com.google.firebase:firebase-storage:22.0.0] AndroidManifest.xml:33:13-35:85
150                android:name="com.google.firebase.components:com.google.firebase.storage.StorageRegistrar"
150-->[com.google.firebase:firebase-storage:22.0.0] AndroidManifest.xml:34:17-107
151                android:value="com.google.firebase.components.ComponentRegistrar" />
151-->[com.google.firebase:firebase-storage:22.0.0] AndroidManifest.xml:35:17-82
152            <meta-data
152-->[com.google.android.gms:play-services-measurement-api:23.0.0] AndroidManifest.xml:33:13-35:85
153                android:name="com.google.firebase.components:com.google.firebase.analytics.connector.internal.AnalyticsConnectorRegistrar"
153-->[com.google.android.gms:play-services-measurement-api:23.0.0] AndroidManifest.xml:34:17-139
154                android:value="com.google.firebase.components.ComponentRegistrar" />
154-->[com.google.android.gms:play-services-measurement-api:23.0.0] AndroidManifest.xml:35:17-82
155            <meta-data
155-->[com.google.firebase:firebase-appcheck:19.0.0] AndroidManifest.xml:25:13-27:85
156                android:name="com.google.firebase.components:com.google.firebase.appcheck.FirebaseAppCheckKtxRegistrar"
156-->[com.google.firebase:firebase-appcheck:19.0.0] AndroidManifest.xml:26:17-120
157                android:value="com.google.firebase.components.ComponentRegistrar" />
157-->[com.google.firebase:firebase-appcheck:19.0.0] AndroidManifest.xml:27:17-82
158            <meta-data
158-->[com.google.firebase:firebase-appcheck:19.0.0] AndroidManifest.xml:28:13-30:85
159                android:name="com.google.firebase.components:com.google.firebase.appcheck.FirebaseAppCheckRegistrar"
159-->[com.google.firebase:firebase-appcheck:19.0.0] AndroidManifest.xml:29:17-117
160                android:value="com.google.firebase.components.ComponentRegistrar" />
160-->[com.google.firebase:firebase-appcheck:19.0.0] AndroidManifest.xml:30:17-82
161            <meta-data
161-->[com.google.firebase:firebase-sessions:3.0.0] AndroidManifest.xml:25:13-27:85
162                android:name="com.google.firebase.components:com.google.firebase.sessions.FirebaseSessionsRegistrar"
162-->[com.google.firebase:firebase-sessions:3.0.0] AndroidManifest.xml:26:17-117
163                android:value="com.google.firebase.components.ComponentRegistrar" />
163-->[com.google.firebase:firebase-sessions:3.0.0] AndroidManifest.xml:27:17-82
164            <meta-data
164-->[com.google.firebase:firebase-installations:19.0.0] AndroidManifest.xml:15:13-17:85
165                android:name="com.google.firebase.components:com.google.firebase.installations.FirebaseInstallationsKtxRegistrar"
165-->[com.google.firebase:firebase-installations:19.0.0] AndroidManifest.xml:16:17-130
166                android:value="com.google.firebase.components.ComponentRegistrar" />
166-->[com.google.firebase:firebase-installations:19.0.0] AndroidManifest.xml:17:17-82
167            <meta-data
167-->[com.google.firebase:firebase-installations:19.0.0] AndroidManifest.xml:18:13-20:85
168                android:name="com.google.firebase.components:com.google.firebase.installations.FirebaseInstallationsRegistrar"
168-->[com.google.firebase:firebase-installations:19.0.0] AndroidManifest.xml:19:17-127
169                android:value="com.google.firebase.components.ComponentRegistrar" />
169-->[com.google.firebase:firebase-installations:19.0.0] AndroidManifest.xml:20:17-82
170            <meta-data
170-->[com.google.firebase:firebase-common:22.0.0] AndroidManifest.xml:35:13-37:85
171                android:name="com.google.firebase.components:com.google.firebase.FirebaseCommonKtxRegistrar"
171-->[com.google.firebase:firebase-common:22.0.0] AndroidManifest.xml:36:17-109
172                android:value="com.google.firebase.components.ComponentRegistrar" />
172-->[com.google.firebase:firebase-common:22.0.0] AndroidManifest.xml:37:17-82
173            <meta-data
173-->[com.google.firebase:firebase-datatransport:19.0.0] AndroidManifest.xml:25:13-27:85
174                android:name="com.google.firebase.components:com.google.firebase.datatransport.TransportRegistrar"
174-->[com.google.firebase:firebase-datatransport:19.0.0] AndroidManifest.xml:26:17-115
175                android:value="com.google.firebase.components.ComponentRegistrar" />
175-->[com.google.firebase:firebase-datatransport:19.0.0] AndroidManifest.xml:27:17-82
176        </service>
177
178        <provider
178-->[:image_picker_android] AndroidManifest.xml:9:9-17:20
179            android:name="io.flutter.plugins.imagepicker.ImagePickerFileProvider"
179-->[:image_picker_android] AndroidManifest.xml:10:13-82
180            android:authorities="com.example.projectfrontend.flutter.image_provider"
180-->[:image_picker_android] AndroidManifest.xml:11:13-74
181            android:exported="false"
181-->[:image_picker_android] AndroidManifest.xml:12:13-37
182            android:grantUriPermissions="true" >
182-->[:image_picker_android] AndroidManifest.xml:13:13-47
183            <meta-data
183-->[:image_picker_android] AndroidManifest.xml:14:13-16:75
184                android:name="android.support.FILE_PROVIDER_PATHS"
184-->[:image_picker_android] AndroidManifest.xml:15:17-67
185                android:resource="@xml/flutter_image_picker_file_paths" />
185-->[:image_picker_android] AndroidManifest.xml:16:17-72
186        </provider> <!-- Trigger Google Play services to install the backported photo picker module. -->
187        <service
187-->[:image_picker_android] AndroidManifest.xml:19:9-31:19
188            android:name="com.google.android.gms.metadata.ModuleDependencies"
188-->[:image_picker_android] AndroidManifest.xml:20:13-78
189            android:enabled="false"
189-->[:image_picker_android] AndroidManifest.xml:21:13-36
190            android:exported="false" >
190-->[:image_picker_android] AndroidManifest.xml:22:13-37
191            <intent-filter>
191-->[:image_picker_android] AndroidManifest.xml:24:13-26:29
192                <action android:name="com.google.android.gms.metadata.MODULE_DEPENDENCIES" />
192-->[:image_picker_android] AndroidManifest.xml:25:17-94
192-->[:image_picker_android] AndroidManifest.xml:25:25-91
193            </intent-filter>
194
195            <meta-data
195-->[:image_picker_android] AndroidManifest.xml:28:13-30:36
196                android:name="photopicker_activity:0:required"
196-->[:image_picker_android] AndroidManifest.xml:29:17-63
197                android:value="" />
197-->[:image_picker_android] AndroidManifest.xml:30:17-33
198        </service>
199
200        <activity
200-->[:url_launcher_android] AndroidManifest.xml:8:9-11:74
201            android:name="io.flutter.plugins.urllauncher.WebViewActivity"
201-->[:url_launcher_android] AndroidManifest.xml:9:13-74
202            android:exported="false"
202-->[:url_launcher_android] AndroidManifest.xml:10:13-37
203            android:theme="@android:style/Theme.NoTitleBar.Fullscreen" />
203-->[:url_launcher_android] AndroidManifest.xml:11:13-71
204
205        <service
205-->[:firebase_messaging] AndroidManifest.xml:14:9-17:72
206            android:name="io.flutter.plugins.firebase.messaging.FlutterFirebaseMessagingBackgroundService"
206-->[:firebase_messaging] AndroidManifest.xml:15:13-107
207            android:exported="false"
207-->[:firebase_messaging] AndroidManifest.xml:16:13-37
208            android:permission="android.permission.BIND_JOB_SERVICE" />
208-->[:firebase_messaging] AndroidManifest.xml:17:13-69
209        <service
209-->[:firebase_messaging] AndroidManifest.xml:18:9-24:19
210            android:name="io.flutter.plugins.firebase.messaging.FlutterFirebaseMessagingService"
210-->[:firebase_messaging] AndroidManifest.xml:19:13-97
211            android:exported="false" >
211-->[:firebase_messaging] AndroidManifest.xml:20:13-37
212            <intent-filter>
212-->[:firebase_messaging] AndroidManifest.xml:21:13-23:29
213                <action android:name="com.google.firebase.MESSAGING_EVENT" />
213-->[:firebase_messaging] AndroidManifest.xml:22:17-78
213-->[:firebase_messaging] AndroidManifest.xml:22:25-75
214            </intent-filter>
215        </service>
216
217        <receiver
217-->[:firebase_messaging] AndroidManifest.xml:26:9-33:20
218            android:name="io.flutter.plugins.firebase.messaging.FlutterFirebaseMessagingReceiver"
218-->[:firebase_messaging] AndroidManifest.xml:27:13-98
219            android:exported="true"
219-->[:firebase_messaging] AndroidManifest.xml:28:13-36
220            android:permission="com.google.android.c2dm.permission.SEND" >
220-->[:firebase_messaging] AndroidManifest.xml:29:13-73
221            <intent-filter>
221-->[:firebase_messaging] AndroidManifest.xml:30:13-32:29
222                <action android:name="com.google.android.c2dm.intent.RECEIVE" />
222-->[:firebase_messaging] AndroidManifest.xml:31:17-81
222-->[:firebase_messaging] AndroidManifest.xml:31:25-78
223            </intent-filter>
224        </receiver>
225
226        <provider
226-->[:firebase_messaging] AndroidManifest.xml:41:9-45:38
227            android:name="io.flutter.plugins.firebase.messaging.FlutterFirebaseMessagingInitProvider"
227-->[:firebase_messaging] AndroidManifest.xml:42:13-102
228            android:authorities="com.example.projectfrontend.flutterfirebasemessaginginitprovider"
228-->[:firebase_messaging] AndroidManifest.xml:43:13-88
229            android:exported="false"
229-->[:firebase_messaging] AndroidManifest.xml:44:13-37
230            android:initOrder="99" />
230-->[:firebase_messaging] AndroidManifest.xml:45:13-35
231
232        <activity
232-->[com.google.firebase:firebase-auth:24.0.0] AndroidManifest.xml:29:9-46:20
233            android:name="com.google.firebase.auth.internal.GenericIdpActivity"
233-->[com.google.firebase:firebase-auth:24.0.0] AndroidManifest.xml:30:13-80
234            android:excludeFromRecents="true"
234-->[com.google.firebase:firebase-auth:24.0.0] AndroidManifest.xml:31:13-46
235            android:exported="true"
235-->[com.google.firebase:firebase-auth:24.0.0] AndroidManifest.xml:32:13-36
236            android:launchMode="singleTask"
236-->[com.google.firebase:firebase-auth:24.0.0] AndroidManifest.xml:33:13-44
237            android:theme="@android:style/Theme.Translucent.NoTitleBar" >
237-->[com.google.firebase:firebase-auth:24.0.0] AndroidManifest.xml:34:13-72
238            <intent-filter>
238-->[com.google.firebase:firebase-auth:24.0.0] AndroidManifest.xml:35:13-45:29
239                <action android:name="android.intent.action.VIEW" />
239-->[com.google.firebase:firebase-auth:24.0.0] AndroidManifest.xml:36:17-69
239-->[com.google.firebase:firebase-auth:24.0.0] AndroidManifest.xml:36:25-66
240
241                <category android:name="android.intent.category.DEFAULT" />
241-->[com.google.firebase:firebase-auth:24.0.0] AndroidManifest.xml:38:17-76
241-->[com.google.firebase:firebase-auth:24.0.0] AndroidManifest.xml:38:27-73
242                <category android:name="android.intent.category.BROWSABLE" />
242-->[com.google.firebase:firebase-auth:24.0.0] AndroidManifest.xml:39:17-78
242-->[com.google.firebase:firebase-auth:24.0.0] AndroidManifest.xml:39:27-75
243
244                <data
244-->src\main\AndroidManifest.xml:50:13-51
245                    android:host="firebase.auth"
246                    android:path="/"
247                    android:scheme="genericidp" />
248            </intent-filter>
249        </activity>
250        <activity
250-->[com.google.firebase:firebase-auth:24.0.0] AndroidManifest.xml:47:9-64:20
251            android:name="com.google.firebase.auth.internal.RecaptchaActivity"
251-->[com.google.firebase:firebase-auth:24.0.0] AndroidManifest.xml:48:13-79
252            android:excludeFromRecents="true"
252-->[com.google.firebase:firebase-auth:24.0.0] AndroidManifest.xml:49:13-46
253            android:exported="true"
253-->[com.google.firebase:firebase-auth:24.0.0] AndroidManifest.xml:50:13-36
254            android:launchMode="singleTask"
254-->[com.google.firebase:firebase-auth:24.0.0] AndroidManifest.xml:51:13-44
255            android:theme="@android:style/Theme.Translucent.NoTitleBar" >
255-->[com.google.firebase:firebase-auth:24.0.0] AndroidManifest.xml:52:13-72
256            <intent-filter>
256-->[com.google.firebase:firebase-auth:24.0.0] AndroidManifest.xml:53:13-63:29
257                <action android:name="android.intent.action.VIEW" />
257-->[com.google.firebase:firebase-auth:24.0.0] AndroidManifest.xml:36:17-69
257-->[com.google.firebase:firebase-auth:24.0.0] AndroidManifest.xml:36:25-66
258
259                <category android:name="android.intent.category.DEFAULT" />
259-->[com.google.firebase:firebase-auth:24.0.0] AndroidManifest.xml:38:17-76
259-->[com.google.firebase:firebase-auth:24.0.0] AndroidManifest.xml:38:27-73
260                <category android:name="android.intent.category.BROWSABLE" />
260-->[com.google.firebase:firebase-auth:24.0.0] AndroidManifest.xml:39:17-78
260-->[com.google.firebase:firebase-auth:24.0.0] AndroidManifest.xml:39:27-75
261
262                <data
262-->src\main\AndroidManifest.xml:50:13-51
263                    android:host="firebase.auth"